2025.02.05 12:18:23 INFO  Started: Metals version 1.5.1 in folders '/Users/jangwara/git_projects/DataScience/AppleWatchAnalysis' for client Visual Studio Code 1.96.4.
2025.02.05 12:18:23 INFO  no build target found for /Users/jangwara/git_projects/DataScience/AppleWatchAnalysis/build.sbt. Using presentation compiler with project's scala-library version: 3.3.4
lut 05, 2025 12:18:30 PM org.eclipse.lsp4j.jsonrpc.RemoteEndpoint handleCancellation
WARNING: Unmatched cancel notification for request id 1
2025.02.05 12:18:30 INFO  no build target found for /Users/jangwara/git_projects/DataScience/AppleWatchAnalysis/build.sbt. Using presentation compiler with project's scala-library version: 3.3.4
2025.02.05 12:18:30 INFO  no build target found for /Users/jangwara/git_projects/DataScience/AppleWatchAnalysis/build.sbt. Using presentation compiler with project's scala-library version: 3.3.4
lut 05, 2025 12:18:30 PM org.eclipse.lsp4j.jsonrpc.RemoteEndpoint handleCancellation
WARNING: Unmatched cancel notification for request id 5
2025.02.05 12:18:30 INFO  no build target found for /Users/jangwara/git_projects/DataScience/AppleWatchAnalysis/build.sbt. Using presentation compiler with project's scala-library version: 3.3.4
2025.02.05 12:18:30 INFO  no build target found for /Users/jangwara/git_projects/DataScience/AppleWatchAnalysis/build.sbt. Using presentation compiler with project's scala-library version: 3.3.4
2025.02.05 12:18:30 INFO  no build target found for /Users/jangwara/git_projects/DataScience/AppleWatchAnalysis/build.sbt. Using presentation compiler with project's scala-library version: 3.3.4
2025.02.05 12:18:30 INFO  no build target found for /Users/jangwara/git_projects/DataScience/AppleWatchAnalysis/build.sbt. Using presentation compiler with project's scala-library version: 3.3.4
2025.02.05 12:18:31 WARN  no build target for: /Users/jangwara/git_projects/DataScience/AppleWatchAnalysis/build.sbt
lut 05, 2025 12:18:31 PM org.eclipse.lsp4j.jsonrpc.RemoteEndpoint handleCancellation
WARNING: Unmatched cancel notification for request id 7
lut 05, 2025 12:18:31 PM org.eclipse.lsp4j.jsonrpc.RemoteEndpoint handleCancellation
WARNING: Unmatched cancel notification for request id 12
lut 05, 2025 12:18:31 PM org.eclipse.lsp4j.jsonrpc.RemoteEndpoint handleCancellation
WARNING: Unmatched cancel notification for request id 10
lut 05, 2025 12:18:31 PM org.eclipse.lsp4j.jsonrpc.RemoteEndpoint handleCancellation
WARNING: Unmatched cancel notification for request id 6
2025.02.05 12:18:30 INFO  no build target found for /Users/jangwara/git_projects/DataScience/AppleWatchAnalysis/main.scala. Using presentation compiler with project's scala-library version: 3.3.4
2025.02.05 12:18:31 INFO  no build target found for /Users/jangwara/git_projects/DataScience/AppleWatchAnalysis/main.scala. Using presentation compiler with project's scala-library version: 3.3.4
2025.02.05 12:18:31 WARN  no build target for: /Users/jangwara/git_projects/DataScience/AppleWatchAnalysis/main.scala
lut 05, 2025 12:18:31 PM org.eclipse.lsp4j.jsonrpc.RemoteEndpoint handleCancellation
WARNING: Unmatched cancel notification for request id 15
2025.02.05 12:18:31 INFO  no build target found for /Users/jangwara/git_projects/DataScience/AppleWatchAnalysis/main.scala. Using presentation compiler with project's scala-library version: 3.3.4
2025.02.05 12:18:31 INFO  no build target found for /Users/jangwara/git_projects/DataScience/AppleWatchAnalysis/main.scala. Using presentation compiler with project's scala-library version: 3.3.4
2025.02.05 12:18:31 INFO  no build target found for /Users/jangwara/git_projects/DataScience/AppleWatchAnalysis/main.scala. Using presentation compiler with project's scala-library version: 3.3.4
lut 05, 2025 12:18:31 PM org.eclipse.lsp4j.jsonrpc.services.GenericEndpoint notify
INFO: Unsupported notification method: $/setTrace
lut 05, 2025 12:18:31 PM org.eclipse.lsp4j.jsonrpc.RemoteEndpoint handleCancellation
WARNING: Unmatched cancel notification for request id 17
lut 05, 2025 12:18:31 PM scala.meta.internal.metals.StdReporter $anonfun$create$1
SEVERE: empty definition using pc, found symbol in pc:  (full report at: /Users/jangwara/git_projects/DataScience/AppleWatchAnalysis/.metals/.reports/metals-full/2025-02-05/r_empty-definition_12-18-31-730.md)
2025.02.05 12:18:33 INFO  no build target found for /Users/jangwara/git_projects/DataScience/AppleWatchAnalysis/main.scala. Using presentation compiler with project's scala-library version: 3.3.4
2025.02.05 12:18:36 WARN  no build target for: /Users/jangwara/git_projects/DataScience/AppleWatchAnalysis/main.scala
2025.02.05 12:18:36 INFO  no build target found for /Users/jangwara/git_projects/DataScience/AppleWatchAnalysis/main.scala. Using presentation compiler with project's scala-library version: 3.3.4
2025.02.05 12:18:41 INFO  no build target found for /Users/jangwara/git_projects/DataScience/AppleWatchAnalysis/main.scala. Using presentation compiler with project's scala-library version: 3.3.4
